<?xml version="1.0" encoding="utf-8"?><testsuites name="pytest tests"><testsuite name="pytest" errors="0" failures="0" skipped="0" tests="99" time="81.286" timestamp="2026-09-12T15:09:14.268169+08:00" hostname="zhangcaimingdeMac-mini.local"><testcase classname="tests.test_api" name="test_pages_and_real_crud" file="tests/test_api.py" line="51" time="0.031" /><testcase classname="tests.test_api" name="test_strict_http_fields[body0]" file="tests/test_api.py" line="87" time="0.009" /><testcase classname="tests.test_api" name="test_strict_http_fields[body1]" file="tests/test_api.py" line="87" time="0.008" /><testcase classname="tests.test_api" name="test_strict_http_fields[body2]" file="tests/test_api.py" line="87" time="0.008" /><testcase classname="tests.test_api" name="test_strict_http_fields[body3]" file="tests/test_api.py" line="87" time="0.008" /><testcase classname="tests.test_api" name="test_strict_http_fields[body4]" file="tests/test_api.py" line="87" time="0.008" /><testcase classname="tests.test_api" name="test_http_limits_and_origin" file="tests/test_api.py" line="101" time="0.010" /><testcase classname="tests.test_api" name="test_invalid_admin_message_does_not_break_subscription" file="tests/test_api.py" line="115" time="0.010" /><testcase classname="tests.test_api" name="test_binary_frames_close_cleanly" file="tests/test_api.py" line="124" time="0.009" /><testcase classname="tests.test_api" name="test_live_seven_clients_result_and_history" file="tests/test_api.py" line="135" time="0.079" /><testcase classname="tests.test_api" name="test_ws_reconnect_presence_and_strict_messages" file="tests/test_api.py" line="188" time="0.020" /><testcase classname="tests.test_api" name="test_replaced_connection_and_unknown_tenant" file="tests/test_api.py" line="221" time="0.017" /><testcase classname="tests.test_api" name="test_expired_round_closed_before_message_after_restart" file="tests/test_api.py" line="233" time="0.011" /><testcase classname="tests.test_atomic_submit" name="test_atomic_seven_hands_without_join" file="tests/test_atomic_submit.py" line="9" time="0.011" /><testcase classname="tests.test_atomic_submit" name="test_invalid_hand_rolls_back_participation" file="tests/test_atomic_submit.py" line="17" time="0.004" /><testcase classname="tests.test_atomic_submit" name="test_retry_after_closed_returns_original_ack" file="tests/test_atomic_submit.py" line="23" time="0.006" /><testcase classname="tests.test_atomic_submit" name="test_new_id_request_same_event_is_idempotent_but_changed_event_is_not" file="tests/test_atomic_submit.py" line="32" time="0.005" /><testcase classname="tests.test_atomic_submit" name="test_existing_id_returns_after_many_rounds_without_previous_binding_exchange" file="tests/test_atomic_submit.py" line="39" time="0.005" /><testcase classname="tests.test_boundaries" name="test_http_version_boundary_returns_validation_error[0]" file="tests/test_boundaries.py" line="10" time="0.009" /><testcase classname="tests.test_boundaries" name="test_http_version_boundary_returns_validation_error[-1]" file="tests/test_boundaries.py" line="10" time="0.009" /><testcase classname="tests.test_boundaries" name="test_http_version_boundary_returns_validation_error[2147483647]" file="tests/test_boundaries.py" line="10" time="0.009" /><testcase classname="tests.test_boundaries" name="test_http_version_boundary_returns_validation_error[1000000000000000000000000000000]" file="tests/test_boundaries.py" line="10" time="0.009" /><testcase classname="tests.test_boundaries" name="test_ws_version_boundary_rejects_without_disconnecting[0]" file="tests/test_boundaries.py" line="19" time="0.011" /><testcase classname="tests.test_boundaries" name="test_ws_version_boundary_rejects_without_disconnecting[-1]" file="tests/test_boundaries.py" line="19" time="0.011" /><testcase classname="tests.test_boundaries" name="test_ws_version_boundary_rejects_without_disconnecting[2147483647]" file="tests/test_boundaries.py" line="19" time="0.012" /><testcase classname="tests.test_boundaries" name="test_ws_version_boundary_rejects_without_disconnecting[1000000000000000000000000000000]" file="tests/test_boundaries.py" line="19" time="0.011" /><testcase classname="tests.test_connection_isolation" name="test_management_pages_disallow_embedding[/]" file="tests/test_connection_isolation.py" line="9" time="0.008" /><testcase classname="tests.test_connection_isolation" name="test_management_pages_disallow_embedding[/live]" file="tests/test_connection_isolation.py" line="9" time="0.008" /><testcase classname="tests.test_connection_isolation" name="test_management_pages_disallow_embedding[/tenants]" file="tests/test_connection_isolation.py" line="9" time="0.008" /><testcase classname="tests.test_connection_isolation" name="test_management_pages_disallow_embedding[/history]" file="tests/test_connection_isolation.py" line="9" time="0.008" /><testcase classname="tests.test_connection_isolation" name="test_replaced_connection_closes_after_releasing_business_lock" file="tests/test_connection_isolation.py" line="20" time="0.012" /><testcase classname="tests.test_domain" name="test_tenants_have_independent_versions_and_preserve_zeros" file="tests/test_domain.py" line="24" time="0.007" /><testcase classname="tests.test_domain" name="test_seven_hands_leave_exact_multiset_and_lock_without_advancing" file="tests/test_domain.py" line="35" time="0.017" /><testcase classname="tests.test_domain" name="test_only_thirteen_cards_are_accepted[0]" file="tests/test_domain.py" line="51" time="0.005" /><testcase classname="tests.test_domain" name="test_only_thirteen_cards_are_accepted[12]" file="tests/test_domain.py" line="51" time="0.005" /><testcase classname="tests.test_domain" name="test_only_thirteen_cards_are_accepted[14]" file="tests/test_domain.py" line="51" time="0.005" /><testcase classname="tests.test_domain" name="test_only_thirteen_cards_are_accepted[26]" file="tests/test_domain.py" line="51" time="0.005" /><testcase classname="tests.test_domain" name="test_duplicate_rank_suit_is_preserved_but_third_copy_rejected" file="tests/test_domain.py" line="59" time="0.004" /><testcase classname="tests.test_domain" name="test_deck_overflow_rolls_back_last_submission" file="tests/test_domain.py" line="66" time="0.008" /><testcase classname="tests.test_domain" name="test_idempotent_ack_survives_restart_and_canonical_hand_order" file="tests/test_domain.py" line="82" time="0.006" /><testcase classname="tests.test_domain" name="test_end_closes_incomplete_round_once_and_rejects_old_hand" file="tests/test_domain.py" line="95" time="0.009" /><testcase classname="tests.test_domain" name="test_new_version_cannot_receive_old_or_unbound_data" file="tests/test_domain.py" line="115" time="0.009" /><testcase classname="tests.test_domain" name="test_unregistered_or_unjoined_device_cannot_end_round" file="tests/test_domain.py" line="131" time="0.004" /><testcase classname="tests.test_domain" name="test_timeout_starts_at_first_valid_hand_and_is_fixed_across_restart" file="tests/test_domain.py" line="144" time="0.008" /><testcase classname="tests.test_domain" name="test_manual_versions_are_forward_only_and_disable_is_persistent" file="tests/test_domain.py" line="163" time="0.006" /><testcase classname="tests.test_domain" name="test_registration_and_history_survives_reregistration" file="tests/test_domain.py" line="175" time="0.010" /><testcase classname="tests.test_domain" name="test_concurrent_retries_and_end_advance_once" file="tests/test_domain.py" line="190" time="0.115" /><testcase classname="tests.test_domain" name="test_concurrent_seventh_hand_and_end_never_modify_closed_history" file="tests/test_domain.py" line="205" time="0.021" /><testcase classname="tests.test_domain" name="test_version_exhaustion_closes_without_wrapping_or_blocking_other_tenants" file="tests/test_domain.py" line="233" time="0.010" /><testcase classname="tests.test_domain" name="test_daily_summary_uses_shanghai_midnight" file="tests/test_domain.py" line="255" time="0.016" /><testcase classname="tests.test_domain" name="test_offline_registration_does_not_reserve_a_hand_slot" file="tests/test_domain.py" line="271" time="0.016" /><testcase classname="tests.test_domain" name="test_eighth_joined_client_cannot_add_an_eighth_hand" file="tests/test_domain.py" line="286" time="0.015" /><testcase classname="tests.test_domain" name="test_twenty_id_limit_preserves_existing_reconnects" file="tests/test_domain.py" line="295" time="0.013" /><testcase classname="tests.test_domain" name="test_any_seven_can_swap_07_to_12_and_back_after_skipped_rounds" file="tests/test_domain.py" line="303" time="0.056" /><testcase classname="tests.test_retention" name="test_five_closed_rounds_plus_active_and_all_related_rows" file="tests/test_retention.py" line="14" time="0.022" /><testcase classname="tests.test_retention" name="test_retention_uses_count_not_version_difference_and_retry_survives" file="tests/test_retention.py" line="37" time="0.013" /><testcase classname="tests.test_retention" name="test_daily_count_does_not_shrink_when_cards_are_deleted" file="tests/test_retention.py" line="48" time="0.064" /><testcase classname="tests.test_retention" name="test_hot_queries_use_version_and_deadline_indexes" file="tests/test_retention.py" line="58" time="0.004" /><testcase classname="tests.test_retention" name="test_upgrade_prunes_existing_database_and_backfills_daily_totals" file="tests/test_retention.py" line="66" time="0.069" /><testcase classname="tests.test_retention" name="test_cleanup_failure_rolls_back_end_and_all_deletions" file="tests/test_retention.py" line="87" time="0.015" /><testcase classname="tests.test_retention" name="test_timeout_disable_and_returning_old_client_after_prune" file="tests/test_retention.py" line="107" time="0.017" /><testcase classname="tests.test_scenarios" name="test_wire_seven_out_of_order" file="tests/test_scenarios.py" line="64" time="0.537"><properties><property name="title" value="七端乱序上报、结果及后台同步" /><property name="category" value="收发与计算" /><property name="steps" value="7条连接乱序发送各13张；订阅管理端；核对七端结果及91张输入。" /><property name="expected" value="第7份前无结果；收齐后七端和后台结果一致，版本不提前推进，耗时小于2秒。" /><property name="evidence" value="[{&quot;result_latency_ms&quot;: 4.78, &quot;received_hands&quot;: 7, &quot;received_cards&quot;: 91, &quot;remaining&quot;: 13, &quot;version&quot;: 1}]" /><property name="wire_sent" value="22" /><property name="wire_received" value="211" /><property name="server_errors" value="0" /></properties></testcase><testcase classname="tests.test_scenarios" name="test_wire_late_seventh" file="tests/test_scenarios.py" line="107" time="1.420"><properties><property name="title" value="第七端启动较慢" /><property name="category" value="漏报与延迟" /><property name="steps" value="先连接6端并提交；等待1秒；第7端随后连接、绑定并提交。" /><property name="expected" value="等待期间保持6/7且没有结果，迟到的同版本数据仍能完成计算。" /><property name="evidence" value="[{&quot;before&quot;: 6, &quot;after&quot;: 7, &quot;deadline_extended&quot;: false}]" /><property name="wire_sent" value="14" /><property name="wire_received" value="109" /><property name="server_errors" value="0" /></properties></testcase><testcase classname="tests.test_scenarios" name="test_wire_missing_client_then_end" file="tests/test_scenarios.py" line="134" time="0.458"><properties><property name="title" value="漏开一端，六份结束后迟到旧牌" /><property name="category" value="漏报与延迟" /><property name="steps" value="只连接6端，上报6份后报告结束；第7端再提交旧版本手牌。" /><property name="expected" value="不推算确定13张；结束只推进一次；旧牌被拒绝，新版本保持空白。" /><property name="evidence" value="[{&quot;history_count&quot;: 6, &quot;result&quot;: null, &quot;current_version&quot;: 2, &quot;late_error&quot;: &quot;ROUND_CLOSED&quot;}]" /><property name="wire_sent" value="14" /><property name="wire_received" value="93" /><property name="server_errors" value="0" /></properties></testcase><testcase classname="tests.test_scenarios" name="test_wire_timeout_push" file="tests/test_scenarios.py" line="163" time="10.417"><properties><property name="title" value="无人报告结束时自动超时" /><property name="category" value="版本与超时" /><property name="steps" value="超时设为测试允许的10秒；仅join时不启动计时；一份有效手牌后等待定时器推送。" /><property name="expected" value="10秒从第一份有效手牌开始；无需HTTP轮询触发；只推进一次且不生成结果。" /><property name="evidence" value="[{&quot;test_timeout_seconds&quot;: 10, &quot;production_default_seconds&quot;: 180, &quot;automatic_push_version&quot;: 2}]" /><property name="wire_sent" value="3" /><property name="wire_received" value="7" /><property name="server_errors" value="0" /></properties></testcase><testcase classname="tests.test_scenarios" name="test_wire_duplicate_and_conflict" file="tests/test_scenarios.py" line="190" time="0.436"><properties><property name="title" value="重复请求、换序重传与内容冲突" /><property name="category" value="去重与校验" /><property name="steps" value="同ID重发、换新ID重排相同13张、同ID修改内容、同端提交不同手牌。" /><property name="expected" value="合法重复均不重复扣牌；冲突分别拒绝；份数及截止时间不变。" /><property name="evidence" value="[{&quot;stored_hands&quot;: 1, &quot;deadline_unchanged&quot;: true, &quot;errors&quot;: [&quot;REQUEST_CONFLICT&quot;, &quot;HAND_CONFLICT&quot;]}]" /><property name="wire_sent" value="6" /><property name="wire_received" value="11" /><property name="server_errors" value="0" /></properties></testcase><testcase classname="tests.test_scenarios" name="test_wire_same_hand_different_devices" file="tests/test_scenarios.py" line="218" time="0.444"><properties><property name="title" value="双副牌同手牌可重复，第三副拒绝" /><property name="category" value="去重与校验" /><property name="steps" value="不同设备上传完全相同13张黑桃；第三设备再上传同一份，然后改传红桃。" /><property name="expected" value="前两份按设备分别记入；第三份超出两副牌容量时整笔回滚，可改正重试。" /><property name="evidence" value="[{&quot;identical_hands_accepted&quot;: 2, &quot;rejected_third_copy&quot;: true, &quot;corrected_count&quot;: 3}]" /><property name="wire_sent" value="11" /><property name="wire_received" value="113" /><property name="server_errors" value="0" /></properties></testcase><testcase classname="tests.test_scenarios" name="test_wire_invalid_messages" file="tests/test_scenarios.py" line="240" time="0.423"><properties><property name="title" value="畸形消息与手牌严格校验" /><property name="category" value="去重与校验" /><property name="steps" value="依次发送非JSON、数组、空值、12/14张、非法点数花色、缺花色、额外字段、布尔协议版本和超大版本。" /><property name="expected" value="每次返回可识别错误且连接可继续ping；错误数据零入库，计时尚未开始。" /><property name="evidence" value="[{&quot;rejected_cases&quot;: 12, &quot;stored_hands&quot;: 0, &quot;connection_alive&quot;: true}]" /><property name="wire_sent" value="10" /><property name="wire_received" value="15" /><property name="server_errors" value="0" /></properties></testcase><testcase classname="tests.test_scenarios" name="test_wire_tenant_isolation" file="tests/test_scenarios.py" line="277" time="0.505"><properties><property name="title" value="多租户同版本同设备ID不串牌" /><property name="category" value="租户隔离" /><property name="steps" value="两个租户使用相同7个设备ID、版本1及相同请求ID，交错上报不同牌组；后台切换订阅。" /><property name="expected" value="各自收到自己的13张结果，后台仅推送订阅租户，身份伪造被拒绝。" /><property name="evidence" value="[{&quot;tenants&quot;: [&quot;001001&quot;, &quot;100001&quot;], &quot;same_version&quot;: 1, &quot;shared_ids_isolated&quot;: true}]" /><property name="wire_sent" value="31" /><property name="wire_received" value="365" /><property name="server_errors" value="0" /></properties></testcase><testcase classname="tests.test_scenarios" name="test_wire_disconnect_and_replay" file="tests/test_scenarios.py" line="310" time="0.427"><properties><property name="title" value="发送后断线，重连补确认和已锁定结果" /><property name="category" value="断线与恢复" /><property name="steps" value="首端发送后不等待ack即断线；重连原ID重传；收齐后再次重连。" /><property name="expected" value="确认可重放但只入库一份；登记仍为7端；重连自动补推正确已锁定结果。" /><property name="evidence" value="[{&quot;registered_clients&quot;: 7, &quot;first_hand_stored_once&quot;: true, &quot;result_replayed&quot;: true}]" /><property name="wire_sent" value="16" /><property name="wire_received" value="197" /><property name="server_errors" value="0" /></properties></testcase><testcase classname="tests.test_scenarios" name="test_wire_restart_after_six[graceful]" file="tests/test_scenarios.py" line="336" time="0.830"><properties><property name="title" value="六份手牌后服务重启恢复" /><property name="category" value="断线与恢复" /><property name="steps" value="收6份后正常停止或强杀独立服务；同一SQLite重启；原设备重连，第7份补齐。" /><property name="expected" value="版本、截止时间及原ack保留；结果仍等于牌组余集；SQLite完整性通过。" /><property name="evidence" value="[{&quot;restart&quot;: &quot;SIGTERM&quot;, &quot;preserved_count&quot;: 6, &quot;deadline_preserved&quot;: true}]" /><property name="wire_sent" value="15" /><property name="wire_received" value="187" /><property name="server_errors" value="0" /></properties></testcase><testcase classname="tests.test_scenarios" name="test_wire_restart_after_six[killed]" file="tests/test_scenarios.py" line="336" time="0.660"><properties><property name="title" value="六份手牌后服务重启恢复" /><property name="category" value="断线与恢复" /><property name="steps" value="收6份后正常停止或强杀独立服务；同一SQLite重启；原设备重连，第7份补齐。" /><property name="expected" value="版本、截止时间及原ack保留；结果仍等于牌组余集；SQLite完整性通过。" /><property name="evidence" value="[{&quot;restart&quot;: &quot;SIGKILL&quot;, &quot;preserved_count&quot;: 6, &quot;deadline_preserved&quot;: true}]" /><property name="wire_sent" value="15" /><property name="wire_received" value="187" /><property name="server_errors" value="0" /></properties></testcase><testcase classname="tests.test_scenarios" name="test_wire_concurrent_end" file="tests/test_scenarios.py" line="366" time="0.451"><properties><property name="title" value="七端同时结束只推进一次" /><property name="category" value="并发与时序" /><property name="steps" value="7端绑定后同时发送各自的结束消息，再重放其中成功的结束请求。" /><property name="expected" value="恰好1次结束成功，其余返回已关闭；重放不推进新轮次。" /><property name="evidence" value="[{&quot;successful_ends&quot;: 1, &quot;rejected_ends&quot;: 6, &quot;current_version&quot;: 2}]" /><property name="wire_sent" value="15" /><property name="wire_received" value="109" /><property name="server_errors" value="0" /></properties></testcase><testcase classname="tests.test_scenarios" name="test_wire_seventh_races_end" file="tests/test_scenarios.py" line="390" time="0.736"><properties><property name="title" value="第七份与结束消息竞争" /><property name="category" value="并发与时序" /><property name="steps" value="重复12轮：收6份后让第7份与结束同时到达；核对关闭快照及推送顺序。" /><property name="expected" value="只允许6份无结果或7份有正确结果；新版本零手牌，不得将旧结果推送到新版本之后。" /><property name="evidence" value="[{&quot;race_rounds&quot;: 12, &quot;complete_before_close&quot;: 2, &quot;incomplete_before_close&quot;: 10, &quot;next_version&quot;: 13}]" /><property name="wire_sent" value="180" /><property name="wire_received" value="1415" /><property name="server_errors" value="0" /></properties></testcase><testcase classname="tests.test_scenarios" name="test_wire_old_cards_and_skipped_round" file="tests/test_scenarios.py" line="441" time="0.428"><properties><property name="title" value="服务端版本变更不能给旧牌重新编号" /><property name="category" value="版本与超时" /><property name="steps" value="旧版结束后直接给手牌换版本提交；重复新局事件；后台跳至版本8后客户端补报。" /><property name="expected" value="未绑定、复用新局事件、伪造上次绑定均拒绝；旧ID可凭新事件跨轮重新加入。" /><property name="evidence" value="[{&quot;current_version&quot;: 8, &quot;errors&quot;: [&quot;NOT_JOINED&quot;, &quot;START_EVENT_CONFLICT&quot;, &quot;SYNC_REQUIRED&quot;]}]" /><property name="wire_sent" value="9" /><property name="wire_received" value="16" /><property name="server_errors" value="0" /></properties></testcase><testcase classname="tests.test_scenarios" name="test_wire_device_membership" file="tests/test_scenarios.py" line="467" time="0.441"><properties><property name="title" value="连接替换、第八端与未绑定结束" /><property name="category" value="设备与生命周期" /><property name="steps" value="同设备再次连接；尝试第8设备；未绑定端发送手牌和结束；原连接退场。" /><property name="expected" value="同ID只占一席，新连接可用；第8端可登记；未绑定结束不推进版本。" /><property name="evidence" value="[{&quot;registered&quot;: 8, &quot;replacement_code&quot;: 4001, &quot;extra_accepted&quot;: true}]" /><property name="wire_sent" value="4" /><property name="wire_received" value="45" /><property name="server_errors" value="0" /></properties></testcase><testcase classname="tests.test_scenarios" name="test_wire_admin_changes" file="tests/test_scenarios.py" line="495" time="0.442"><properties><property name="title" value="暂停租户、改配置与历史只读" /><property name="category" value="设备与生命周期" /><property name="steps" value="收一份后修改备注和超时配置，再停用租户、继续上报、重新启用并开始下一局。" /><property name="expected" value="当前截止时间不被改动；停用关闭本轮且拒绝写入；启用不复用旧版本和历史手牌。" /><property name="evidence" value="[{&quot;old_deadline_preserved&quot;: true, &quot;new_timeout_seconds&quot;: 30, &quot;history_hands_preserved&quot;: true}]" /><property name="wire_sent" value="5" /><property name="wire_received" value="13" /><property name="server_errors" value="0" /></properties></testcase><testcase classname="tests.test_scenarios" name="test_wire_twenty_rounds" file="tests/test_scenarios.py" line="528" time="1.035"><properties><property name="title" value="连续随机发牌20局及历史守恒" /><property name="category" value="连续运行" /><property name="steps" value="固定随机种子生成20副洗牌；每局随机上报顺序并重试一份；七端校验结果后结束。" /><property name="expected" value="每局91+13=104，任何花色点数均不超过2；最近5份历史不变，更早历史清理，下一版为21。" /><property name="evidence" value="[{&quot;rounds&quot;: 20, &quot;uploads&quot;: 140, &quot;received_result_checks&quot;: 140, &quot;max_result_latency_ms&quot;: 11.23, &quot;min_result_latency_ms&quot;: 2.41}]" /><property name="wire_sent" value="321" /><property name="wire_received" value="2872" /><property name="server_errors" value="0" /></properties></testcase><testcase classname="tests.test_scenarios" name="test_wire_multi_tenant_burst" file="tests/test_scenarios.py" line="573" time="0.713"><properties><property name="title" value="八租户56端同时上报" /><property name="category" value="并发与时序" /><property name="steps" value="8个独立租户各7条连接并行提交；每份上报均经过HTTP/WS服务和SQLite事务。" /><property name="expected" value="56端均收到本租户正确结果；各租户91张不串牌；最后一份到七端结果小于2秒。" /><property name="evidence" value="[{&quot;tenants&quot;: 8, &quot;clients&quot;: 56, &quot;max_result_latency_ms&quot;: 15.2}]" /><property name="wire_sent" value="112" /><property name="wire_received" value="1182" /><property name="server_errors" value="0" /></properties></testcase><testcase classname="tests.test_scenarios" name="test_wire_concurrent_duplicate_upload" file="tests/test_scenarios.py" line="601" time="0.412"><properties><property name="title" value="同一设备并发重传20次" /><property name="category" value="并发与时序" /><property name="steps" value="同一条连接同时重传同request_id的13张数据20次；再查询份数。" /><property name="expected" value="20次均收到同一个已持久化ack，只保存1份13张，不重复扣牌。" /><property name="evidence" value="[{&quot;concurrent_retries&quot;: 20, &quot;stored_hands&quot;: 1, &quot;identical_acks&quot;: true}]" /><property name="wire_sent" value="22" /><property name="wire_received" value="44" /><property name="server_errors" value="0" /></properties></testcase><testcase classname="tests.test_scenarios" name="test_wire_heartbeat_and_idle_timeout" file="tests/test_scenarios.py" line="621" time="45.378"><properties><property name="title" value="45秒空闲回收与15秒应用心跳" /><property name="category" value="断线与恢复" /><property name="steps" value="一端不发送任何业务消息，另一端每15秒ping；按真实45秒时间等待。" /><property name="expected" value="空闲端断开且在线数减少；有应用心跳的连接继续可用，设备登记不受影响。" /><property name="evidence" value="[{&quot;idle_seconds&quot;: 45.01, &quot;heartbeat_replies&quot;: 2, &quot;online_clients&quot;: 1}]" /><property name="wire_sent" value="3" /><property name="wire_received" value="7" /><property name="server_errors" value="0" /></properties></testcase><testcase classname="tests.test_scenarios" name="test_wire_binary_frame[client]" file="tests/test_scenarios.py" line="665" time="0.431"><properties><property name="title" value="二进制消息关闭且允许重新连接" /><property name="category" value="去重与校验" /><property name="steps" value="客户端或管理端向JSON文本接口发送二进制帧；随后新建合法连接。" /><property name="expected" value="错误连接按1003关闭，服务保持正常，新连接仍能查询和收发。" /><property name="evidence" value="[{&quot;connection&quot;: &quot;client&quot;, &quot;close_code&quot;: 1003, &quot;new_connection_alive&quot;: true}]" /><property name="wire_sent" value="1" /><property name="wire_received" value="3" /><property name="server_errors" value="0" /></properties></testcase><testcase classname="tests.test_scenarios" name="test_wire_binary_frame[admin]" file="tests/test_scenarios.py" line="665" time="0.422"><properties><property name="title" value="二进制消息关闭且允许重新连接" /><property name="category" value="去重与校验" /><property name="steps" value="客户端或管理端向JSON文本接口发送二进制帧；随后新建合法连接。" /><property name="expected" value="错误连接按1003关闭，服务保持正常，新连接仍能查询和收发。" /><property name="evidence" value="[{&quot;connection&quot;: &quot;admin&quot;, &quot;close_code&quot;: 1003, &quot;new_connection_alive&quot;: true}]" /><property name="wire_sent" value="2" /><property name="wire_received" value="4" /><property name="server_errors" value="0" /></properties></testcase><testcase classname="tests.test_scenarios" name="test_wire_oversized_frame" file="tests/test_scenarios.py" line="687" time="0.403"><properties><property name="title" value="超大WebSocket帧限制" /><property name="category" value="去重与校验" /><property name="steps" value="发送大于64KiB的消息到真实Uvicorn协议栈，再用新连接查询。" /><property name="expected" value="超限连接按1009关闭；数据库不变；服务继续响应。" /><property name="evidence" value="[{&quot;bytes_sent&quot;: 65537, &quot;close_code&quot;: 1009, &quot;stored_hands&quot;: 0}]" /><property name="wire_sent" value="1" /><property name="wire_received" value="3" /><property name="server_errors" value="0" /></properties></testcase><testcase classname="tests.test_scenarios" name="test_wire_offline_identity_does_not_block_seven_other_clients" file="tests/test_scenarios.py" line="705" time="0.431"><properties><property name="title" value="离线01不占本轮名额" /><property name="category" value="设备与生命周期" /><property name="steps" value="01连接后离线，02到08上报。" /><property name="expected" value="任意七个不同客户端收齐并收到13张结果。" /><property name="evidence" value="[]" /><property name="wire_sent" value="14" /><property name="wire_received" value="152" /><property name="server_errors" value="0" /></properties></testcase><testcase classname="tests.test_scenarios" name="test_wire_atomic_roster_and_targeted_results" file="tests/test_scenarios.py" line="720" time="0.510"><properties><property name="title" value="单次提交与定向结果" /><property name="category" value="一次上报" /><property name="steps" value="20个ID连接，任意7个直接提交；07换12再换回；重复提交与旧轮次重试。" /><property name="expected" value="无round.join；每轮13张准确结果只发给提交者；四轮正常推进。" /><property name="evidence" value="[{&quot;rounds&quot;: 4, &quot;registered&quot;: 20, &quot;participant_count&quot;: 7, &quot;all_results_exact&quot;: true}]" /><property name="wire_sent" value="64" /><property name="wire_received" value="1075" /><property name="server_errors" value="0" /></properties></testcase><testcase classname="tests.test_scenarios" name="test_wire_atomic_reconnect_idempotency" file="tests/test_scenarios.py" line="751" time="0.402"><properties><property name="title" value="断线丢确认后的单次提交重试" /><property name="category" value="一次上报" /><property name="steps" value="服务器已保存后断开连接，同ID重连重发原请求。" /><property name="expected" value="返回原确认且只计1份；拒绝内容修改和旧轮改标。" /><property name="evidence" value="[]" /><property name="wire_sent" value="5" /><property name="wire_received" value="9" /><property name="server_errors" value="0" /></properties></testcase><testcase classname="tests.test_static_assets" name="test_page_and_entire_module_graph_have_a_release_namespace" file="tests/test_static_assets.py" line="30" time="0.046" /><testcase classname="tests.test_static_assets" name="test_nested_module_change_invalidates_all_entry_urls" file="tests/test_static_assets.py" line="62" time="0.024" /><testcase classname="tests.test_static_assets" name="test_unchanged_contents_keep_the_same_asset_urls" file="tests/test_static_assets.py" line="76" time="0.020" /><testcase classname="tests.test_update_script" name="test_success_backs_up_data_updates_code_and_restarts" file="tests/test_update_script.py" line="163" time="1.886" /><testcase classname="tests.test_update_script" name="test_failed_update_restores_code_dependencies_and_service[FAIL_PIP]" file="tests/test_update_script.py" line="181" time="1.748" /><testcase classname="tests.test_update_script" name="test_failed_update_restores_code_dependencies_and_service[FAIL_NEW_HEALTH]" file="tests/test_update_script.py" line="181" time="1.972" /><testcase classname="tests.test_update_script" name="test_no_changes_does_not_restart_service" file="tests/test_update_script.py" line="194" time="1.790" /><testcase classname="tests.test_update_script" name="test_local_changes_are_not_overwritten[False]" file="tests/test_update_script.py" line="204" time="0.423" /><testcase classname="tests.test_update_script" name="test_local_changes_are_not_overwritten[True]" file="tests/test_update_script.py" line="204" time="0.497" /><testcase classname="tests.test_update_script" name="test_diverged_branch_is_rejected_before_service_stop" file="tests/test_update_script.py" line="216" time="0.580" /><testcase classname="tests.test_update_script" name="test_backup_failure_restarts_original_service_without_changing_code" file="tests/test_update_script.py" line="228" time="1.513" /><testcase classname="tests.test_update_script" name="test_update_lock_prevents_a_second_update" file="tests/test_update_script.py" line="239" time="0.457" /></testsuite></testsuites>